<?xml version="1.0" encoding="UTF-8"?>
<!-- Generated by org.testng.reporters.JUnitXMLReporter -->
<testsuite ignored="0" hostname="DESKTOP-O86VKHR" failures="0" tests="3" name="Test" time="87.5" errors="0" timestamp="2020-02-15T17:16:13 IST">
  <testcase classname="practise.AppiumFramework.FirstPageFormFilling" name="formFilling" time="87.422"/>
  <testcase classname="practise.AppiumFramework.TestClass" name="firstMethod" time="0.002"/>
  <testcase classname="practise.AppiumFramework.TestClass" name="secondMethod" time="0.009"/>
</testsuite> <!-- Test -->
