<?xml version="1.0" encoding="UTF-8"?>
<!-- Generated by org.testng.reporters.JUnitXMLReporter -->
<testsuite ignored="0" hostname="DESKTOP-O86VKHR" failures="2" tests="4" name="Test" time="199.8" errors="0" timestamp="2020-02-15T15:59:49 IST">
  <testcase classname="practise.AppiumFramework.FirstPageFormFilling" name="formFilling" time="79.375"/>
  <testcase classname="practise.AppiumFramework.TestClass" name="firstMethod" time="0.001"/>
  <testcase classname="practise.AppiumFramework.TestClass" name="secondMethod" time="0.006">
    <failure type="java.lang.AssertionError" message="expected [Helloo] but found [Hello]">
      <![CDATA[java.lang.AssertionError: expected [Helloo] but found [Hello]
at practise.AppiumFramework.TestClass.secondMethod(TestClass.java:17)
at java.base/java.util.ArrayList.forEach(ArrayList.java:1540)
... Removed 32 stack frames]]>
    </failure>
  </testcase> <!-- secondMethod -->
  <testcase classname="practise.AppiumFramework.TestClass" name="secondMethod" time="60.26">
    <failure type="org.openqa.selenium.TimeoutException" message="timeout: Timed out receiving message from renderer: 10.000
  (Session info: chrome=69.0.3497.100)
  (Driver info: chromedriver=2.44.609538 (b655c5a60b0b544917107a59d4153d4bf78e1b90),platform=Windows NT 10.0.18362 x86_64)
Build info: version: &amp;apos;3.141.59&amp;apos;, revision: &amp;apos;e82be7d358&amp;apos;, time: &amp;apos;2018-11-14T08:17:03&amp;apos;
System info: host: &amp;apos;DESKTOP-O86VKHR&amp;apos;, ip: &amp;apos;192.168.0.139&amp;apos;, os.name: &amp;apos;Windows 10&amp;apos;, os.arch: &amp;apos;amd64&amp;apos;, os.version: &amp;apos;10.0&amp;apos;, java.version: &amp;apos;11.0.5&amp;apos;
Driver info: io.appium.java_client.android.AndroidDriver
Capabilities {app: C:\Users\Afreen\eclipse-wor..., appPackage: com.androidsample.generalstore, automationName: uiautomator2, databaseEnabled: false, desired: {app: C:\Users\Afreen\eclipse-wor..., automationName: uiautomator2, deviceName: Rizwanemulator, newCommandTimeout: 14, platformName: android}, deviceApiLevel: 28, deviceManufacturer: Google, deviceModel: AOSP on IA Emulator, deviceName: emulator-5554, deviceScreenDensity: 440, deviceScreenSize: 1080x2160, deviceUDID: emulator-5554, javascriptEnabled: true, locationContextEnabled: false, networkConnectionEnabled: true, newCommandTimeout: 14, pixelRatio: 2.75, platform: LINUX, platformName: Android, platformVersion: 9, statBarHeight: 66, takesScreenshot: true, viewportRect: {height: 1962, left: 0, top: 66, width: 1080}, warnings: {}, webStorageEnabled: false}
Session ID: 71db67f3-0e02-4bbd-9a52-090b59df5f2f">
      <![CDATA[org.openqa.selenium.TimeoutException: timeout: Timed out receiving message from renderer: 10.000
  (Session info: chrome=69.0.3497.100)
  (Driver info: chromedriver=2.44.609538 (b655c5a60b0b544917107a59d4153d4bf78e1b90),platform=Windows NT 10.0.18362 x86_64)
Build info: version: '3.141.59', revision: 'e82be7d358', time: '2018-11-14T08:17:03'
System info: host: 'DESKTOP-O86VKHR', ip: '192.168.0.139', os.name: 'Windows 10', os.arch: 'amd64', os.version: '10.0', java.version: '11.0.5'
Driver info: io.appium.java_client.android.AndroidDriver
Capabilities {app: C:\Users\Afreen\eclipse-wor..., appPackage: com.androidsample.generalstore, automationName: uiautomator2, databaseEnabled: false, desired: {app: C:\Users\Afreen\eclipse-wor..., automationName: uiautomator2, deviceName: Rizwanemulator, newCommandTimeout: 14, platformName: android}, deviceApiLevel: 28, deviceManufacturer: Google, deviceModel: AOSP on IA Emulator, deviceName: emulator-5554, deviceScreenDensity: 440, deviceScreenSize: 1080x2160, deviceUDID: emulator-5554, javascriptEnabled: true, locationContextEnabled: false, networkConnectionEnabled: true, newCommandTimeout: 14, pixelRatio: 2.75, platform: LINUX, platformName: Android, platformVersion: 9, statBarHeight: 66, takesScreenshot: true, viewportRect: {height: 1962, left: 0, top: 66, width: 1080}, warnings: {}, webStorageEnabled: false}
Session ID: 71db67f3-0e02-4bbd-9a52-090b59df5f2f
at org.openqa.selenium.remote.http.W3CHttpResponseCodec.createException(W3CHttpResponseCodec.java:187)
at org.openqa.selenium.remote.http.W3CHttpResponseCodec.decode(W3CHttpResponseCodec.java:122)
at org.openqa.selenium.remote.http.W3CHttpResponseCodec.decode(W3CHttpResponseCodec.java:49)
at org.openqa.selenium.remote.HttpCommandExecutor.execute(HttpCommandExecutor.java:158)
at io.appium.java_client.remote.AppiumCommandExecutor.execute(AppiumCommandExecutor.java:239)
at org.openqa.selenium.remote.RemoteWebDriver.execute(RemoteWebDriver.java:552)
at io.appium.java_client.DefaultGenericMobileDriver.execute(DefaultGenericMobileDriver.java:46)
at io.appium.java_client.AppiumDriver.execute(AppiumDriver.java:1)
at io.appium.java_client.android.AndroidDriver.execute(AndroidDriver.java:1)
at org.openqa.selenium.remote.RemoteWebDriver.getScreenshotAs(RemoteWebDriver.java:295)
at practise.AppiumFramework.BaseClass.getScreenshot(BaseClass.java:101)
at resources.Listeners.onTestFailure(Listeners.java:32)
at java.base/java.util.ArrayList.forEach(ArrayList.java:1540)
... Removed 28 stack frames]]>
    </failure>
  </testcase> <!-- secondMethod -->
</testsuite> <!-- Test -->
