<?xml version="1.0" encoding="UTF-8"?>
<!-- Generated by org.testng.reporters.JUnitXMLReporter -->
<testsuite ignored="0" hostname="DESKTOP-O86VKHR" failures="1" tests="3" name="Test" time="63.088" errors="0" timestamp="14 Feb 2020 04:55:43 GMT">
  <testcase classname="practise.AppiumFramework.FirstPageFormFilling" name="formFilling" time="62.416"/>
  <testcase classname="practise.AppiumFramework.TestClass" name="firstMethod" time="0.0"/>
  <testcase classname="practise.AppiumFramework.TestClass" name="secondMethod" time="0.008">
    <failure type="java.lang.AssertionError" message="expected [Helloo] but found [Hello]">
      <![CDATA[java.lang.AssertionError: expected [Helloo] but found [Hello]
at practise.AppiumFramework.TestClass.secondMethod(TestClass.java:17)
... Removed 35 stack frames]]>
    </failure>
  </testcase> <!-- secondMethod -->
</testsuite> <!-- Test -->
