<?xml version="1.0" encoding="UTF-8"?>
<!-- Generated by org.testng.reporters.JUnitXMLReporter -->
<testsuite ignored="0" hostname="DESKTOP-O86VKHR" failures="0" tests="3" name="Test" time="80.597" errors="0" timestamp="15 Feb 2020 11:48:31 GMT">
  <testcase classname="practise.AppiumFramework.FirstPageFormFilling" name="formFilling" time="80.557"/>
  <testcase classname="practise.AppiumFramework.TestClass" name="firstMethod" time="0.001"/>
  <testcase classname="practise.AppiumFramework.TestClass" name="secondMethod" time="0.003"/>
</testsuite> <!-- Test -->
