<?xml version="1.0" encoding="UTF-8"?>
<testsuite xmlns:xsi="http://www.w3.org/2001/XMLSchema-instance" xsi:noNamespaceSchemaLocation="https://maven.apache.org/surefire/maven-surefire-plugin/xsd/surefire-test-report-3.0.xsd" version="3.0" name="TestSuite" time="65.349" tests="3" errors="0" skipped="0" failures="1">
  <properties>
[...]
</properties>
  <testcase name="formFilling" classname="practise.AppiumFramework.FirstPageFormFilling" time="62.42"/>
  <testcase name="firstMethod" classname="practise.AppiumFramework.TestClass" time="0"/>
  <testcase name="secondMethod" classname="practise.AppiumFramework.TestClass" time="0.628">
    <failure message="expected [Helloo] but found [Hello]" type="java.lang.AssertionError">java.lang.AssertionError: expected [Helloo] but found [Hello]
	at practise.AppiumFramework.TestClass.secondMethod(TestClass.java:17)
</failure>
    <system-out><![CDATA[i am running from test class 2
]]></system-out>
  </testcase>
</testsuite>