<?xml version="1.0" encoding="UTF-8"?>
<testng-results ignored="0" total="3" passed="3" failed="0" skipped="0">
  <reporter-output>
  </reporter-output>
  <suite started-at="2020-02-15T11:47:10Z" name="Suite" finished-at="2020-02-15T11:48:31Z" duration-ms="80597">
    <groups>
    </groups>
    <test started-at="2020-02-15T11:47:10Z" name="Test" finished-at="2020-02-15T11:48:31Z" duration-ms="80597">
      <class name="practise.AppiumFramework.TestClass">
        <test-method signature="firstMethod()[pri:0, instance:practise.AppiumFramework.TestClass@658c5a19]" started-at="2020-02-15T11:48:31Z" name="firstMethod" finished-at="2020-02-15T11:48:31Z" duration-ms="1" status="PASS">
          <reporter-output>
          </reporter-output>
        </test-method> <!-- firstMethod -->
        <test-method signature="secondMethod()[pri:0, instance:practise.AppiumFramework.TestClass@658c5a19]" started-at="2020-02-15T11:48:31Z" name="secondMethod" finished-at="2020-02-15T11:48:31Z" duration-ms="3" status="PASS">
          <reporter-output>
          </reporter-output>
        </test-method> <!-- secondMethod -->
      </class> <!-- practise.AppiumFramework.TestClass -->
      <class name="practise.AppiumFramework.FirstPageFormFilling">
        <test-method signature="formFilling()[pri:0, instance:practise.AppiumFramework.FirstPageFormFilling@6c61a903]" started-at="2020-02-15T11:47:10Z" name="formFilling" finished-at="2020-02-15T11:48:31Z" duration-ms="80557" status="PASS">
          <reporter-output>
          </reporter-output>
        </test-method> <!-- formFilling -->
      </class> <!-- practise.AppiumFramework.FirstPageFormFilling -->
    </test> <!-- Test -->
  </suite> <!-- Suite -->
</testng-results>
