<?xml version="1.0" encoding="UTF-8"?>
<testng-results ignored="0" total="3" passed="3" failed="0" skipped="0">
  <reporter-output>
  </reporter-output>
  <suite started-at="2020-02-15T17:14:45 IST" name="Suite" finished-at="2020-02-15T17:16:13 IST" duration-ms="87500">
    <groups>
    </groups>
    <test started-at="2020-02-15T17:14:45 IST" name="Test" finished-at="2020-02-15T17:16:13 IST" duration-ms="87500">
      <class name="practise.AppiumFramework.TestClass">
        <test-method signature="firstMethod()[pri:0, instance:practise.AppiumFramework.TestClass@1a4013]" started-at="2020-02-15T17:16:13 IST" name="firstMethod" finished-at="2020-02-15T17:16:13 IST" duration-ms="2" status="PASS">
          <reporter-output>
          </reporter-output>
        </test-method> <!-- firstMethod -->
        <test-method signature="secondMethod()[pri:0, instance:practise.AppiumFramework.TestClass@1a4013]" started-at="2020-02-15T17:16:13 IST" name="secondMethod" finished-at="2020-02-15T17:16:13 IST" duration-ms="9" status="PASS">
          <reporter-output>
          </reporter-output>
        </test-method> <!-- secondMethod -->
      </class> <!-- practise.AppiumFramework.TestClass -->
      <class name="practise.AppiumFramework.FirstPageFormFilling">
        <test-method signature="formFilling()[pri:0, instance:practise.AppiumFramework.FirstPageFormFilling@1cbb87f3]" started-at="2020-02-15T17:14:45 IST" name="formFilling" finished-at="2020-02-15T17:16:12 IST" duration-ms="87422" status="PASS">
          <reporter-output>
          </reporter-output>
        </test-method> <!-- formFilling -->
      </class> <!-- practise.AppiumFramework.FirstPageFormFilling -->
    </test> <!-- Test -->
  </suite> <!-- Suite -->
</testng-results>
